Performing system checks...

System check identified no issues (0 silenced).
May 22, 2017 - 12:51:43
Django version 1.10.5, using settings 'TemosPortal.settings'
Starting development server at http://127.0.0.1:8000/
Quit the server with CONTROL-C.
[22/May/2017 13:41:19] "GET / HTTP/1.0" 302 0
[22/May/2017 13:41:19] "GET /accounts/login/?next=/ HTTP/1.0" 200 5530
[22/May/2017 13:41:20] "GET /static/main/static/images/favicon-16x16.png HTTP/1.0" 200 1330
[22/May/2017 13:41:20] "GET /static/main/static/images/favicon-96x96.png HTTP/1.0" 200 8121
[22/May/2017 13:41:20] "GET /static/main/static/images/favicon-32x32.png HTTP/1.0" 200 2467
[22/May/2017 13:41:20] "GET /static/main/static/images/android-icon-192x192.png HTTP/1.0" 200 19492
[22/May/2017 13:41:31] "POST /accounts/login/?next=/ HTTP/1.0" 200 5714
[22/May/2017 13:41:36] "POST /accounts/login/?next=/ HTTP/1.0" 302 0
[22/May/2017 13:41:36] "GET / HTTP/1.0" 200 3638152
[22/May/2017 13:42:12] "GET / HTTP/1.0" 200 3638174
[22/May/2017 13:42:17] "GET /static/main/static/images/favicon-16x16.png HTTP/1.0" 200 1330
[22/May/2017 13:43:13] "GET / HTTP/1.0" 200 3638174
[22/May/2017 13:43:18] "GET /static/main/static/images/favicon-16x16.png HTTP/1.0" 200 1330
[22/May/2017 13:44:53] "GET / HTTP/1.0" 200 3638174
[22/May/2017 13:46:14] "GET / HTTP/1.0" 200 3638174
[22/May/2017 13:46:19] "GET /static/main/static/images/favicon-16x16.png HTTP/1.0" 200 1330
[22/May/2017 14:00:19] "GET / HTTP/1.0" 200 3638192
[22/May/2017 14:01:35] "GET / HTTP/1.0" 200 3638192
[22/May/2017 14:01:54] "GET / HTTP/1.0" 200 3638192
[22/May/2017 14:17:34] "GET / HTTP/1.0" 200 3638192
[22/May/2017 14:17:41] "GET /static/main/static/images/apple-icon-180x180.png HTTP/1.0" 304 0
Invalid HTTP_HOST header: '191.252.101.53'. You may need to add '191.252.101.53' to ALLOWED_HOSTS.
[23/May/2017 01:06:23] "GET / HTTP/1.0" 400 61764
Invalid HTTP_HOST header: '191.252.101.53'. You may need to add '191.252.101.53' to ALLOWED_HOSTS.
[23/May/2017 02:27:32] "GET / HTTP/1.0" 400 61773
[23/May/2017 02:47:01] "GET /accounts/login/?next=/ HTTP/1.0" 200 5530
Invalid HTTP_HOST header: 'temos.net'. You may need to add 'temos.net' to ALLOWED_HOSTS.
[23/May/2017 02:47:49] "GET /robots.txt HTTP/1.0" 400 61742
Invalid HTTP_HOST header: 'temos.net'. You may need to add 'temos.net' to ALLOWED_HOSTS.
[23/May/2017 02:47:53] "GET / HTTP/1.0" 400 62064
[23/May/2017 13:38:17] "GET / HTTP/1.0" 200 3638209
[23/May/2017 13:38:23] "GET /static/main/static/images/favicon-16x16.png HTTP/1.0" 200 1330
[23/May/2017 13:38:23] "GET /static/main/static/images/favicon-96x96.png HTTP/1.0" 200 8121
[23/May/2017 17:14:10] "GET / HTTP/1.0" 200 3638209
Invalid HTTP_HOST header: 'temos.net'. You may need to add 'temos.net' to ALLOWED_HOSTS.
[23/May/2017 21:19:54] "GET / HTTP/1.0" 400 62313
Invalid HTTP_HOST header: 'temos.net'. You may need to add 'temos.net' to ALLOWED_HOSTS.
[23/May/2017 21:47:13] "GET / HTTP/1.0" 400 62163
Invalid HTTP_HOST header: '191.252.101.53'. You may need to add '191.252.101.53' to ALLOWED_HOSTS.
[23/May/2017 23:42:20] "GET / HTTP/1.0" 400 61657
Invalid HTTP_HOST header: 'temos.online'. You may need to add 'temos.online' to ALLOWED_HOSTS.
[24/May/2017 00:27:09] "GET / HTTP/1.0" 400 62360
Invalid HTTP_HOST header: 'temos.online'. You may need to add 'temos.online' to ALLOWED_HOSTS.
[24/May/2017 00:28:09] "GET /robots.txt HTTP/1.0" 400 62177
Invalid HTTP_HOST header: 'temos.online'. You may need to add 'temos.online' to ALLOWED_HOSTS.
[24/May/2017 00:28:11] "GET /robots.txt HTTP/1.0" 400 62177
Invalid HTTP_HOST header: 'temos.online'. You may need to add 'temos.online' to ALLOWED_HOSTS.
[24/May/2017 00:28:13] "GET /robots.txt HTTP/1.0" 400 62177
Invalid HTTP_HOST header: 'temos.online'. You may need to add 'temos.online' to ALLOWED_HOSTS.
[24/May/2017 00:28:13] "GET /robots.txt HTTP/1.0" 400 62177
Invalid HTTP_HOST header: 'temos.online'. You may need to add 'temos.online' to ALLOWED_HOSTS.
[24/May/2017 00:28:14] "GET /robots.txt HTTP/1.0" 400 62177
Invalid HTTP_HOST header: 'temos.online'. You may need to add 'temos.online' to ALLOWED_HOSTS.
[24/May/2017 00:28:15] "GET /robots.txt HTTP/1.0" 400 62177
Invalid HTTP_HOST header: 'temos.online'. You may need to add 'temos.online' to ALLOWED_HOSTS.
[24/May/2017 00:28:15] "GET /robots.txt HTTP/1.0" 400 62177
Invalid HTTP_HOST header: 'temos.online'. You may need to add 'temos.online' to ALLOWED_HOSTS.
[24/May/2017 00:28:18] "GET /robots.txt HTTP/1.0" 400 62177
Invalid HTTP_HOST header: 'temos.online'. You may need to add 'temos.online' to ALLOWED_HOSTS.
[24/May/2017 00:28:19] "GET /robots.txt HTTP/1.0" 400 62177
Invalid HTTP_HOST header: 'temos.online'. You may need to add 'temos.online' to ALLOWED_HOSTS.
[24/May/2017 00:28:21] "GET /robots.txt HTTP/1.0" 400 62177
Invalid HTTP_HOST header: '191.252.101.53'. You may need to add '191.252.101.53' to ALLOWED_HOSTS.
[24/May/2017 03:43:29] "GET /recordings/index.php HTTP/1.0" 400 61863
Invalid HTTP_HOST header: 'vps0583.publiccloud.com.br'. You may need to add 'vps0583.publiccloud.com.br' to ALLOWED_HOSTS.
[24/May/2017 05:29:02] "GET / HTTP/1.0" 400 62125
Invalid HTTP_HOST header: 'mx.temos.online'. You may need to add 'mx.temos.online' to ALLOWED_HOSTS.
[24/May/2017 06:23:19] "GET / HTTP/1.0" 400 61956
Not Found: /robots.txt
[24/May/2017 06:35:15] "GET /robots.txt HTTP/1.0" 404 2970
Not Found: /robots.txt
[24/May/2017 06:35:16] "GET /robots.txt HTTP/1.0" 404 2970
[24/May/2017 06:37:10] "GET / HTTP/1.0" 302 0
[24/May/2017 06:37:12] "GET /accounts/login/?next=/ HTTP/1.0" 200 5530
[24/May/2017 08:16:45] "GET / HTTP/1.0" 200 3638209
Invalid HTTP_HOST header: '191.252.101.53'. You may need to add '191.252.101.53' to ALLOWED_HOSTS.
[24/May/2017 09:39:06] "GET / HTTP/1.0" 400 61634
[24/May/2017 10:42:55] "GET /accounts/logout/ HTTP/1.0" 302 0
[24/May/2017 10:42:56] "GET / HTTP/1.0" 302 0
[24/May/2017 10:42:57] "GET /accounts/login/?next=/ HTTP/1.0" 200 5530
[24/May/2017 12:28:32] "GET / HTTP/1.0" 200 3638228
Invalid HTTP_HOST header: 'temos.net'. You may need to add 'temos.net' to ALLOWED_HOSTS.
[24/May/2017 12:46:21] "GET /robots.txt HTTP/1.0" 400 62132
Invalid HTTP_HOST header: 'temos.net'. You may need to add 'temos.net' to ALLOWED_HOSTS.
[24/May/2017 12:46:22] "GET /robots.txt HTTP/1.0" 400 62132
Invalid HTTP_HOST header: 'temos.net'. You may need to add 'temos.net' to ALLOWED_HOSTS.
[24/May/2017 12:46:27] "GET / HTTP/1.0" 400 62163
[24/May/2017 13:26:13] "GET / HTTP/1.0" 200 3638228
[24/May/2017 13:38:23] "GET / HTTP/1.0" 200 3638228
[24/May/2017 13:38:31] "GET /static/main/static/images/favicon-16x16.png HTTP/1.0" 200 1330
[24/May/2017 13:38:31] "GET /static/main/static/images/favicon-96x96.png HTTP/1.0" 200 8121
Invalid HTTP_HOST header: 'temos.net'. You may need to add 'temos.net' to ALLOWED_HOSTS.
[24/May/2017 14:18:48] "GET /robots.txt HTTP/1.0" 400 61744
Invalid HTTP_HOST header: 'temos.net'. You may need to add 'temos.net' to ALLOWED_HOSTS.
[24/May/2017 14:18:52] "GET / HTTP/1.0" 400 62066
[24/May/2017 15:26:01] "GET / HTTP/1.0" 200 3638228
[24/May/2017 22:03:41] "GET / HTTP/1.0" 302 0
[24/May/2017 23:06:23] "GET / HTTP/1.0" 302 0
[24/May/2017 23:06:28] "GET /accounts/login/?next=/ HTTP/1.0" 200 5530
[24/May/2017 23:06:41] "GET / HTTP/1.0" 302 0
[24/May/2017 23:07:04] "GET /accounts/login/?next=/ HTTP/1.0" 200 5530
Invalid HTTP_HOST header: 'temos.net'. You may need to add 'temos.net' to ALLOWED_HOSTS.
[25/May/2017 00:30:54] "GET /robots.txt HTTP/1.0" 400 61893
Invalid HTTP_HOST header: 'temos.net'. You may need to add 'temos.net' to ALLOWED_HOSTS.
[25/May/2017 00:30:55] "GET / HTTP/1.0" 400 62230
Invalid HTTP_HOST header: 'temos.net'. You may need to add 'temos.net' to ALLOWED_HOSTS.
[25/May/2017 00:57:54] "GET / HTTP/1.0" 400 62163
[25/May/2017 03:13:45] "GET / HTTP/1.0" 302 0
[25/May/2017 03:13:47] "GET /accounts/login/?next=/ HTTP/1.0" 200 5530
Invalid HTTP_HOST header: '191.252.101.53'. You may need to add '191.252.101.53' to ALLOWED_HOSTS.
[25/May/2017 04:20:25] "GET / HTTP/1.0" 400 61764
Not Found: /robots.txt
[25/May/2017 05:21:25] "GET /robots.txt HTTP/1.0" 404 2970
Not Found: /apple-app-site-association
[25/May/2017 05:21:26] "GET /apple-app-site-association HTTP/1.0" 404 3018
[25/May/2017 08:16:47] "GET / HTTP/1.0" 200 3638228
Invalid HTTP_HOST header: 'temos.net'. You may need to add 'temos.net' to ALLOWED_HOSTS.
[25/May/2017 08:19:15] "GET / HTTP/1.0" 400 62119
[25/May/2017 08:35:51] "GET /static/main/static/images/manifest.json HTTP/1.0" 200 720
Invalid HTTP_HOST header: 'temos.net'. You may need to add 'temos.net' to ALLOWED_HOSTS.
[25/May/2017 11:26:25] "GET /robots.txt HTTP/1.0" 400 62068
Invalid HTTP_HOST header: 'temos.net'. You may need to add 'temos.net' to ALLOWED_HOSTS.
[25/May/2017 11:26:27] "GET /manual HTTP/1.0" 400 62024
[25/May/2017 13:00:19] "GET / HTTP/1.0" 200 3638247
[25/May/2017 13:00:26] "GET /static/main/static/images/favicon-32x32.png HTTP/1.0" 200 2467
[25/May/2017 13:00:26] "GET /static/main/static/images/android-icon-192x192.png HTTP/1.0" 200 19492
Invalid HTTP_HOST header: 'temos.online'. You may need to add 'temos.online' to ALLOWED_HOSTS.
[25/May/2017 13:19:15] "GET /robots.txt HTTP/1.0" 400 61938
Invalid HTTP_HOST header: 'temos.online'. You may need to add 'temos.online' to ALLOWED_HOSTS.
[25/May/2017 13:19:16] "GET / HTTP/1.0" 400 62166
Invalid HTTP_HOST header: 'temos.net'. You may need to add 'temos.net' to ALLOWED_HOSTS.
[25/May/2017 14:07:22] "GET /robots.txt HTTP/1.0" 400 61742
Invalid HTTP_HOST header: 'temos.net'. You may need to add 'temos.net' to ALLOWED_HOSTS.
[25/May/2017 14:07:26] "GET / HTTP/1.0" 400 62064
Invalid HTTP_HOST header: 'temos.net'. You may need to add 'temos.net' to ALLOWED_HOSTS.
[25/May/2017 14:41:27] "GET /robots.txt HTTP/1.0" 400 61891
Invalid HTTP_HOST header: 'temos.net'. You may need to add 'temos.net' to ALLOWED_HOSTS.
[25/May/2017 14:41:28] "GET / HTTP/1.0" 400 62230
Invalid HTTP_HOST header: 'temos.net'. You may need to add 'temos.net' to ALLOWED_HOSTS.
[25/May/2017 15:28:20] "GET / HTTP/1.0" 400 62163
Invalid HTTP_HOST header: 'temos.online'. You may need to add 'temos.online' to ALLOWED_HOSTS.
[25/May/2017 16:14:46] "GET / HTTP/1.0" 400 62014
Invalid HTTP_HOST header: '191.252.101.53'. You may need to add '191.252.101.53' to ALLOWED_HOSTS.
[25/May/2017 17:34:18] "GET /current_config/Account1 HTTP/1.0" 400 15111
[25/May/2017 20:28:12] "GET / HTTP/1.0" 200 3638247
[25/May/2017 20:28:18] "GET /static/main/static/images/favicon-16x16.png HTTP/1.0" 200 1330
[25/May/2017 20:28:18] "GET /static/main/static/images/favicon-96x96.png HTTP/1.0" 200 8121
Invalid HTTP_HOST header: 'temos.net'. You may need to add 'temos.net' to ALLOWED_HOSTS.
[25/May/2017 22:26:38] "GET /robots.txt HTTP/1.0" 400 62134
Invalid HTTP_HOST header: 'temos.net'. You may need to add 'temos.net' to ALLOWED_HOSTS.
[25/May/2017 22:26:39] "GET /robots.txt HTTP/1.0" 400 62134
Invalid HTTP_HOST header: 'temos.net'. You may need to add 'temos.net' to ALLOWED_HOSTS.
[25/May/2017 22:26:40] "GET / HTTP/1.0" 400 62313
Invalid HTTP_HOST header: 'temos.net'. You may need to add 'temos.net' to ALLOWED_HOSTS.
[25/May/2017 22:26:41] "GET /robots.txt HTTP/1.0" 400 62134
Invalid HTTP_HOST header: 'temos.net'. You may need to add 'temos.net' to ALLOWED_HOSTS.
[25/May/2017 22:26:42] "GET /robots.txt HTTP/1.0" 400 62134
[26/May/2017 01:28:22] "GET /accounts/login/?next=/ HTTP/1.0" 200 5530
Invalid HTTP_HOST header: '191.252.101.53'. You may need to add '191.252.101.53' to ALLOWED_HOSTS.
[26/May/2017 03:08:20] "GET / HTTP/1.0" 400 61764
Invalid HTTP_HOST header: 'temos.net'. You may need to add 'temos.net' to ALLOWED_HOSTS.
[26/May/2017 03:12:29] "GET / HTTP/1.0" 400 62163
Invalid HTTP_HOST header: 'temos.online'. You may need to add 'temos.online' to ALLOWED_HOSTS.
[26/May/2017 07:09:20] "GET /robots.txt HTTP/1.0" 400 62175
Invalid HTTP_HOST header: 'temos.online'. You may need to add 'temos.online' to ALLOWED_HOSTS.
[26/May/2017 07:09:21] "GET /robots.txt HTTP/1.0" 400 62175
Invalid HTTP_HOST header: 'temos.online'. You may need to add 'temos.online' to ALLOWED_HOSTS.
[26/May/2017 07:09:27] "GET / HTTP/1.0" 400 62360
[26/May/2017 08:59:15] "GET / HTTP/1.0" 302 0
[26/May/2017 08:59:15] "GET /accounts/login/?next=/ HTTP/1.0" 200 5530
[26/May/2017 08:59:15] "GET /static/main/static/images/favicon-32x32.png HTTP/1.0" 200 2467
[26/May/2017 09:53:04] "GET / HTTP/1.0" 200 3638266
[26/May/2017 10:07:51] "GET / HTTP/1.0" 200 3638266
Invalid HTTP_HOST header: '191.252.101.53'. You may need to add '191.252.101.53' to ALLOWED_HOSTS.
[26/May/2017 11:55:07] "GET /recordings//theme/main.css HTTP/1.0" 400 61927
Invalid HTTP_HOST header: '191.252.101.53'. You may need to add '191.252.101.53' to ALLOWED_HOSTS.
[26/May/2017 12:40:20] "POST /CGI/Execute HTTP/1.0" 400 62213
Invalid HTTP_HOST header: '191.252.101.53'. You may need to add '191.252.101.53' to ALLOWED_HOSTS.
[26/May/2017 13:15:30] "GET / HTTP/1.0" 400 61634
Invalid HTTP_HOST header: 'temos.net'. You may need to add 'temos.net' to ALLOWED_HOSTS.
[26/May/2017 14:58:25] "GET /robots.txt HTTP/1.0" 400 61744
Invalid HTTP_HOST header: 'temos.net'. You may need to add 'temos.net' to ALLOWED_HOSTS.
[26/May/2017 14:58:29] "GET / HTTP/1.0" 400 62066
[26/May/2017 17:33:51] "GET / HTTP/1.0" 302 0
Invalid HTTP_HOST header: 'temos.net'. You may need to add 'temos.net' to ALLOWED_HOSTS.
[26/May/2017 17:37:37] "GET / HTTP/1.0" 400 62163
[26/May/2017 18:11:52] "GET / HTTP/1.0" 302 0
Invalid HTTP_HOST header: 'temos.online'. You may need to add 'temos.online' to ALLOWED_HOSTS.
[26/May/2017 18:51:31] "GET / HTTP/1.0" 400 61652
Invalid HTTP_HOST header: 'temos.net'. You may need to add 'temos.net' to ALLOWED_HOSTS.
[26/May/2017 19:15:57] "GET / HTTP/1.0" 400 61607
Not Found: /robots.txt
[27/May/2017 04:06:57] "GET /robots.txt HTTP/1.0" 404 2967
Invalid HTTP_HOST header: 'temos.net'. You may need to add 'temos.net' to ALLOWED_HOSTS.
[27/May/2017 08:25:00] "GET /robots.txt HTTP/1.0" 400 62134
Invalid HTTP_HOST header: 'temos.net'. You may need to add 'temos.net' to ALLOWED_HOSTS.
[27/May/2017 08:25:01] "GET /robots.txt HTTP/1.0" 400 62134
Invalid HTTP_HOST header: 'temos.net'. You may need to add 'temos.net' to ALLOWED_HOSTS.
[27/May/2017 08:25:02] "GET /robots.txt HTTP/1.0" 400 62134
Invalid HTTP_HOST header: 'temos.net'. You may need to add 'temos.net' to ALLOWED_HOSTS.
Invalid HTTP_HOST header: 'temos.net'. You may need to add 'temos.net' to ALLOWED_HOSTS.
[27/May/2017 08:25:02] "GET /robots.txt HTTP/1.0" 400 62134
[27/May/2017 08:25:02] "GET /robots.txt HTTP/1.0" 400 62134
Invalid HTTP_HOST header: 'temos.net'. You may need to add 'temos.net' to ALLOWED_HOSTS.
[27/May/2017 08:25:03] "GET /robots.txt HTTP/1.0" 400 62134
Invalid HTTP_HOST header: 'temos.net'. You may need to add 'temos.net' to ALLOWED_HOSTS.
[27/May/2017 08:25:15] "GET / HTTP/1.0" 400 62163
Invalid HTTP_HOST header: '191.252.101.53'. You may need to add '191.252.101.53' to ALLOWED_HOSTS.
[27/May/2017 09:38:08] "HEAD / HTTP/1.0" 400 61392
Invalid HTTP_HOST header: '191.252.101.53'. You may need to add '191.252.101.53' to ALLOWED_HOSTS.
[27/May/2017 09:38:09] "GET / HTTP/1.0" 400 61385
Invalid HTTP_HOST header: 'temos.net'. You may need to add 'temos.net' to ALLOWED_HOSTS.
[27/May/2017 13:48:35] "GET /robots.txt HTTP/1.0" 400 61744
Invalid HTTP_HOST header: 'temos.net'. You may need to add 'temos.net' to ALLOWED_HOSTS.
[27/May/2017 13:48:39] "GET / HTTP/1.0" 400 62066
Invalid HTTP_HOST header: 'temos.online'. You may need to add 'temos.online' to ALLOWED_HOSTS.
[27/May/2017 14:39:10] "GET / HTTP/1.0" 400 61650
[27/May/2017 14:48:23] "GET / HTTP/1.0" 302 0
[27/May/2017 15:12:01] "GET / HTTP/1.0" 302 0
Invalid HTTP_HOST header: 'temos.net'. You may need to add 'temos.net' to ALLOWED_HOSTS.
[27/May/2017 15:50:48] "GET / HTTP/1.0" 400 61607
[27/May/2017 16:24:13] "GET / HTTP/1.0" 302 0
Invalid HTTP_HOST header: 'temos.net'. You may need to add 'temos.net' to ALLOWED_HOSTS.
[27/May/2017 17:29:24] "GET / HTTP/1.0" 400 61607
[27/May/2017 19:14:50] "GET / HTTP/1.0" 302 0
[27/May/2017 19:14:51] "GET /accounts/login/?next=/ HTTP/1.0" 200 5530
Invalid HTTP_HOST header: 'temos.net'. You may need to add 'temos.net' to ALLOWED_HOSTS.
[27/May/2017 19:55:17] "GET / HTTP/1.0" 400 62165
Invalid HTTP_HOST header: '191.252.101.53'. You may need to add '191.252.101.53' to ALLOWED_HOSTS.
[28/May/2017 03:50:15] "GET / HTTP/1.0" 400 61764
Invalid HTTP_HOST header: '191.252.101.53'. You may need to add '191.252.101.53' to ALLOWED_HOSTS.
[28/May/2017 09:01:36] "GET / HTTP/1.0" 400 61634
Invalid HTTP_HOST header: '191.252.101.53'. You may need to add '191.252.101.53' to ALLOWED_HOSTS.
[28/May/2017 10:09:36] "GET /current_config/Account1 HTTP/1.0" 400 15111
Invalid HTTP_HOST header: 'temos.net'. You may need to add 'temos.net' to ALLOWED_HOSTS.
[28/May/2017 10:29:38] "GET / HTTP/1.0" 400 62165
Invalid HTTP_HOST header: 'temos.online'. You may need to add 'temos.online' to ALLOWED_HOSTS.
[28/May/2017 11:13:26] "GET /robots.txt HTTP/1.0" 400 61787
Invalid HTTP_HOST header: 'temos.online'. You may need to add 'temos.online' to ALLOWED_HOSTS.
[28/May/2017 11:13:30] "GET /manual HTTP/1.0" 400 62005
[28/May/2017 16:36:11] "GET / HTTP/1.0" 302 0
[28/May/2017 16:36:12] "GET /accounts/login/?next=/ HTTP/1.0" 200 5530
Invalid HTTP_HOST header: 'temos.net'. You may need to add 'temos.net' to ALLOWED_HOSTS.
[28/May/2017 22:10:52] "GET / HTTP/1.0" 400 62165
[29/May/2017 11:13:12] "GET / HTTP/1.0" 302 0
[29/May/2017 11:13:13] "GET /accounts/login/?next=/ HTTP/1.0" 200 5530
[29/May/2017 11:13:14] "GET /static/main/static/images/favicon-32x32.png HTTP/1.0" 200 2467
[29/May/2017 11:13:27] "GET / HTTP/1.0" 200 3638266
[29/May/2017 11:14:17] "GET /static/main/static/images/favicon-16x16.png HTTP/1.0" 304 0
[29/May/2017 11:14:21] "GET /static/main/static/images/favicon-96x96.png HTTP/1.0" 304 0
Invalid HTTP_HOST header: 'temos.net'. You may need to add 'temos.net' to ALLOWED_HOSTS.
[29/May/2017 12:19:52] "GET /robots.txt HTTP/1.0" 400 62132
Invalid HTTP_HOST header: 'temos.net'. You may need to add 'temos.net' to ALLOWED_HOSTS.
[29/May/2017 12:19:54] "GET /robots.txt HTTP/1.0" 400 62132
Invalid HTTP_HOST header: 'temos.net'. You may need to add 'temos.net' to ALLOWED_HOSTS.
[29/May/2017 12:19:58] "GET / HTTP/1.0" 400 62165
[29/May/2017 13:08:21] "GET / HTTP/1.0" 200 3638285
[29/May/2017 13:08:33] "GET / HTTP/1.0" 200 3638285
[29/May/2017 13:08:38] "GET /static/main/static/images/android-icon-192x192.png HTTP/1.0" 304 0
Invalid HTTP_HOST header: '191.252.101.53'. You may need to add '191.252.101.53' to ALLOWED_HOSTS.
[29/May/2017 14:34:08] "GET /admin/config.php HTTP/1.0" 400 61907
Not Found: /robots.txt
[29/May/2017 16:52:27] "GET /robots.txt HTTP/1.0" 404 2970
[29/May/2017 17:48:56] "GET /main HTTP/1.0" 301 0
[29/May/2017 17:48:57] "GET /main/ HTTP/1.0" 302 0
[29/May/2017 17:48:59] "GET /accounts/login/?next=/main/ HTTP/1.0" 200 5530
Invalid HTTP_HOST header: '191.252.101.53'. You may need to add '191.252.101.53' to ALLOWED_HOSTS.
[29/May/2017 18:14:44] "POST /recordings/index.php HTTP/1.0" 400 65142
Invalid HTTP_HOST header: '191.252.101.53'. You may need to add '191.252.101.53' to ALLOWED_HOSTS.
[29/May/2017 18:14:47] "GET /recordings/misc/audio.php HTTP/1.0" 400 62324
Not Found: /robots.txt
[29/May/2017 20:51:12] "GET /robots.txt HTTP/1.0" 404 2970
Not Found: /robots.txt
[29/May/2017 20:51:12] "GET /robots.txt HTTP/1.0" 404 2970
Not Found: /robots.txt
[29/May/2017 20:51:15] "GET /robots.txt HTTP/1.0" 404 2970
Invalid HTTP_HOST header: 'temos.net'. You may need to add 'temos.net' to ALLOWED_HOSTS.
[29/May/2017 21:25:26] "GET / HTTP/1.0" 400 62315
Invalid HTTP_HOST header: 'temos.net'. You may need to add 'temos.net' to ALLOWED_HOSTS.
[29/May/2017 23:41:42] "GET / HTTP/1.0" 400 62165
[30/May/2017 00:00:42] "GET / HTTP/1.0" 302 0
[30/May/2017 00:00:42] "GET /accounts/login/?next=/ HTTP/1.0" 200 5530
[30/May/2017 00:00:47] "GET /static/main/static/images/android-icon-192x192.png HTTP/1.0" 200 19492
Invalid HTTP_HOST header: 'temos.online'. You may need to add 'temos.online' to ALLOWED_HOSTS.
[30/May/2017 00:52:12] "GET /robots.txt HTTP/1.0" 400 62177
Invalid HTTP_HOST header: 'temos.online'. You may need to add 'temos.online' to ALLOWED_HOSTS.
[30/May/2017 00:52:13] "GET /robots.txt HTTP/1.0" 400 62177
Invalid HTTP_HOST header: 'temos.online'. You may need to add 'temos.online' to ALLOWED_HOSTS.
[30/May/2017 00:52:36] "GET / HTTP/1.0" 400 62358
[30/May/2017 02:17:20] "GET /accounts/logout/ HTTP/1.0" 302 0
[30/May/2017 02:17:21] "GET / HTTP/1.0" 302 0
[30/May/2017 02:17:22] "GET /accounts/login/?next=/ HTTP/1.0" 200 5530
Invalid HTTP_HOST header: '191.252.101.53'. You may need to add '191.252.101.53' to ALLOWED_HOSTS.
[30/May/2017 03:11:05] "GET / HTTP/1.0" 400 61634
Invalid HTTP_HOST header: 'temos.net'. You may need to add 'temos.net' to ALLOWED_HOSTS.
[30/May/2017 06:05:21] "GET /robots.txt HTTP/1.0" 400 61893
Invalid HTTP_HOST header: 'temos.net'. You may need to add 'temos.net' to ALLOWED_HOSTS.
[30/May/2017 06:05:22] "GET /page/homepage HTTP/1.0" 400 62112
[30/May/2017 07:29:01] "GET / HTTP/1.0" 302 0
[30/May/2017 07:29:01] "GET /accounts/login/?next=/ HTTP/1.0" 200 5530
[30/May/2017 07:29:03] "GET /static/main/static/images/favicon-16x16.png HTTP/1.0" 304 0
[30/May/2017 07:29:03] "GET /static/main/static/images/favicon-96x96.png HTTP/1.0" 304 0
[30/May/2017 07:29:04] "GET /static/main/static/images/favicon-32x32.png HTTP/1.0" 304 0
[30/May/2017 07:29:04] "GET /static/main/static/images/android-icon-192x192.png HTTP/1.0" 304 0
[30/May/2017 07:30:42] "POST /accounts/login/?next=/ HTTP/1.0" 200 5713
[30/May/2017 07:30:56] "POST /accounts/login/?next=/ HTTP/1.0" 302 0
[30/May/2017 07:30:56] "GET / HTTP/1.0" 200 3638285
[30/May/2017 08:31:04] "GET / HTTP/1.0" 200 3638285
[30/May/2017 08:31:17] "GET /static/main/static/images/favicon-16x16.png HTTP/1.0" 200 1330
[30/May/2017 08:37:22] "GET / HTTP/1.0" 200 3638285
[30/May/2017 08:37:27] "GET /static/main/static/images/favicon-16x16.png HTTP/1.0" 200 1330
[30/May/2017 12:43:25] "GET / HTTP/1.0" 200 3638285
[30/May/2017 12:43:41] "GET / HTTP/1.0" 200 3638285
[30/May/2017 12:45:26] "GET / HTTP/1.0" 200 3638304
Invalid HTTP_HOST header: '191.252.101.53'. You may need to add '191.252.101.53' to ALLOWED_HOSTS.
[30/May/2017 14:10:59] "GET / HTTP/1.0" 400 61657
Invalid HTTP_HOST header: 'temos.net'. You may need to add 'temos.net' to ALLOWED_HOSTS.
[30/May/2017 14:36:08] "GET / HTTP/1.0" 400 62165
Invalid HTTP_HOST header: 'temos.net'. You may need to add 'temos.net' to ALLOWED_HOSTS.
[30/May/2017 14:57:39] "GET /robots.txt HTTP/1.0" 400 61742
Invalid HTTP_HOST header: 'temos.net'. You may need to add 'temos.net' to ALLOWED_HOSTS.
[30/May/2017 14:57:43] "GET / HTTP/1.0" 400 62064
[30/May/2017 19:13:25] "GET / HTTP/1.0" 302 0
[30/May/2017 19:13:26] "GET /accounts/login/?next=/ HTTP/1.0" 200 5530
[30/May/2017 19:13:26] "GET /static/main/static/images/favicon-32x32.png HTTP/1.0" 200 2467
Invalid HTTP_HOST header: '191.252.101.53'. You may need to add '191.252.101.53' to ALLOWED_HOSTS.
[30/May/2017 19:24:26] "GET /current_config/Account1 HTTP/1.0" 400 15111
Invalid HTTP_HOST header: 'temos.net'. You may need to add 'temos.net' to ALLOWED_HOSTS.
[31/May/2017 02:23:10] "GET / HTTP/1.0" 400 62165
Invalid HTTP_HOST header: '191.252.101.53'. You may need to add '191.252.101.53' to ALLOWED_HOSTS.
[31/May/2017 05:18:54] "GET //a2billing/common/javascript/misc.js HTTP/1.0" 400 62235
Invalid HTTP_HOST header: '191.252.101.53'. You may need to add '191.252.101.53' to ALLOWED_HOSTS.
[31/May/2017 05:21:12] "GET / HTTP/1.0" 400 61634
Invalid HTTP_HOST header: '191.252.101.53'. You may need to add '191.252.101.53' to ALLOWED_HOSTS.
[31/May/2017 05:58:53] "GET //a2billing/common/javascript/misc.js HTTP/1.0" 400 62235
Invalid HTTP_HOST header: '191.252.101.53'. You may need to add '191.252.101.53' to ALLOWED_HOSTS.
[31/May/2017 07:11:45] "GET //a2billing/common/javascript/misc.js HTTP/1.0" 400 62235
[31/May/2017 08:53:29] "GET / HTTP/1.0" 302 0
[31/May/2017 08:53:29] "GET /accounts/login/?next=/ HTTP/1.0" 200 5530
[31/May/2017 08:53:31] "GET /static/main/static/images/favicon-16x16.png HTTP/1.0" 200 1330
[31/May/2017 08:53:31] "GET /static/main/static/images/favicon-96x96.png HTTP/1.0" 200 8121
[31/May/2017 08:53:31] "GET /static/main/static/images/favicon-32x32.png HTTP/1.0" 200 2467
[31/May/2017 08:53:32] "GET /static/main/static/images/android-icon-192x192.png HTTP/1.0" 200 19492
[31/May/2017 08:53:34] "POST /accounts/login/?next=/ HTTP/1.0" 302 0
[31/May/2017 08:53:34] "GET / HTTP/1.0" 200 3638304
[31/May/2017 09:27:43] "GET / HTTP/1.0" 302 0
[31/May/2017 09:27:43] "GET /accounts/login/?next=/ HTTP/1.0" 200 5530
[31/May/2017 09:27:59] "POST /accounts/login/?next=/ HTTP/1.0" 200 5710
[31/May/2017 09:28:05] "POST /accounts/login/?next=/ HTTP/1.0" 302 0
[31/May/2017 09:28:05] "GET / HTTP/1.0" 200 3638304
[31/May/2017 11:24:35] "GET / HTTP/1.0" 200 3638323
[31/May/2017 11:29:49] "GET / HTTP/1.0" 200 3638323
Not Found: /robots.txt
[31/May/2017 11:57:33] "GET /robots.txt HTTP/1.0" 404 2970
Invalid HTTP_HOST header: '191.252.101.53'. You may need to add '191.252.101.53' to ALLOWED_HOSTS.
[31/May/2017 12:52:56] "GET / HTTP/1.0" 400 61764
Invalid HTTP_HOST header: '191.252.101.53'. You may need to add '191.252.101.53' to ALLOWED_HOSTS.
[31/May/2017 13:32:51] "GET //a2billing/common/javascript/misc.js HTTP/1.0" 400 62235
Invalid HTTP_HOST header: 'temos.net'. You may need to add 'temos.net' to ALLOWED_HOSTS.
[31/May/2017 16:47:52] "GET /robots.txt HTTP/1.0" 400 62132
Invalid HTTP_HOST header: 'temos.net'. You may need to add 'temos.net' to ALLOWED_HOSTS.
[31/May/2017 16:47:53] "GET /robots.txt HTTP/1.0" 400 62132
Invalid HTTP_HOST header: 'temos.net'. You may need to add 'temos.net' to ALLOWED_HOSTS.
[31/May/2017 16:47:59] "GET / HTTP/1.0" 400 62165
[31/May/2017 19:35:35] "GET / HTTP/1.0" 200 3638323
[31/May/2017 19:35:44] "GET /static/main/static/images/favicon-16x16.png HTTP/1.0" 200 1330
[31/May/2017 19:35:44] "GET /static/main/static/images/favicon-96x96.png HTTP/1.0" 200 8121
[31/May/2017 19:35:44] "GET /static/main/static/images/favicon-32x32.png HTTP/1.0" 200 2467
[31/May/2017 19:35:44] "GET /static/main/static/images/android-icon-192x192.png HTTP/1.0" 200 19492
[31/May/2017 19:36:10] "GET / HTTP/1.0" 200 3638323
[31/May/2017 19:36:15] "GET /static/main/static/images/favicon-16x16.png HTTP/1.0" 200 1330
[31/May/2017 23:36:22] "GET / HTTP/1.0" 302 0
[31/May/2017 23:36:23] "GET /accounts/login/?next=/ HTTP/1.0" 200 5530
Invalid HTTP_HOST header: '191.252.101.53'. You may need to add '191.252.101.53' to ALLOWED_HOSTS.
[01/Jun/2017 00:15:31] "GET /current_config/Account1 HTTP/1.0" 400 15110
Invalid HTTP_HOST header: 'temos.net'. You may need to add 'temos.net' to ALLOWED_HOSTS.
[01/Jun/2017 00:38:52] "GET /robots.txt HTTP/1.0" 400 61741
Invalid HTTP_HOST header: 'temos.net'. You may need to add 'temos.net' to ALLOWED_HOSTS.
[01/Jun/2017 00:38:56] "GET /favicon.ico HTTP/1.0" 400 62014
Invalid HTTP_HOST header: 'temos.net'. You may need to add 'temos.net' to ALLOWED_HOSTS.
[01/Jun/2017 03:36:43] "GET /manual HTTP/1.0" 400 61961
Invalid HTTP_HOST header: '191.252.101.53'. You may need to add '191.252.101.53' to ALLOWED_HOSTS.
[01/Jun/2017 04:58:17] "GET / HTTP/1.0" 400 61763
Invalid HTTP_HOST header: 'temos.net'. You may need to add 'temos.net' to ALLOWED_HOSTS.
[01/Jun/2017 05:58:33] "GET / HTTP/1.0" 400 62164
Invalid HTTP_HOST header: '191.252.101.53'. You may need to add '191.252.101.53' to ALLOWED_HOSTS.
[01/Jun/2017 06:15:25] "GET /recordings/ HTTP/1.0" 400 61757
Invalid HTTP_HOST header: '191.252.101.53'. You may need to add '191.252.101.53' to ALLOWED_HOSTS.
[01/Jun/2017 06:15:25] "GET /recordings/ HTTP/1.0" 400 61757
[01/Jun/2017 06:23:39] "GET / HTTP/1.0" 302 0
[01/Jun/2017 06:23:40] "GET /accounts/login/?next=/ HTTP/1.0" 200 5530
[01/Jun/2017 06:23:40] "GET /static/main/static/images/favicon-32x32.png HTTP/1.0" 200 2467
[01/Jun/2017 06:51:07] "GET / HTTP/1.0" 200 3638342
Invalid HTTP_HOST header: '191.252.101.53'. You may need to add '191.252.101.53' to ALLOWED_HOSTS.
[01/Jun/2017 08:39:06] "GET / HTTP/1.0" 400 61763
Invalid HTTP_HOST header: '191.252.101.53'. You may need to add '191.252.101.53' to ALLOWED_HOSTS.
[01/Jun/2017 08:43:59] "GET / HTTP/1.0" 400 61384
[01/Jun/2017 09:29:28] "GET / HTTP/1.0" 200 3638342
Not Found: /robots.txt
[01/Jun/2017 10:53:41] "GET /robots.txt HTTP/1.0" 404 2970
[01/Jun/2017 10:53:44] "GET /accounts/login/?next=/ HTTP/1.0" 200 5530
Invalid HTTP_HOST header: 'temos.net'. You may need to add 'temos.net' to ALLOWED_HOSTS.
[01/Jun/2017 13:59:28] "GET /robots.txt HTTP/1.0" 400 61743
Invalid HTTP_HOST header: 'temos.net'. You may need to add 'temos.net' to ALLOWED_HOSTS.
[01/Jun/2017 13:59:32] "GET / HTTP/1.0" 400 62065
Invalid HTTP_HOST header: 'temos.net'. You may need to add 'temos.net' to ALLOWED_HOSTS.
[01/Jun/2017 21:05:19] "GET / HTTP/1.0" 400 62164
[01/Jun/2017 22:47:28] "GET / HTTP/1.0" 302 0
[01/Jun/2017 22:47:28] "GET /accounts/login/?next=/ HTTP/1.0" 200 5530
[02/Jun/2017 01:11:48] "GET / HTTP/1.0" 302 0
[02/Jun/2017 01:11:49] "GET /accounts/login/?next=/ HTTP/1.0" 200 5530
Not Found: /robots.txt
[02/Jun/2017 02:15:09] "GET /robots.txt HTTP/1.0" 404 2970
Not Found: /apple-app-site-association
[02/Jun/2017 02:15:10] "GET /apple-app-site-association HTTP/1.0" 404 3018
Invalid HTTP_HOST header: '191.252.101.53'. You may need to add '191.252.101.53' to ALLOWED_HOSTS.
[02/Jun/2017 03:30:17] "GET / HTTP/1.0" 400 61763
Invalid HTTP_HOST header: 'temos.net'. You may need to add 'temos.net' to ALLOWED_HOSTS.
[02/Jun/2017 05:13:41] "GET / HTTP/1.0" 400 62314
Invalid HTTP_HOST header: '191.252.101.53'. You may need to add '191.252.101.53' to ALLOWED_HOSTS.
[02/Jun/2017 05:35:56] "GET //a2billing/common/javascript/misc.js HTTP/1.0" 400 62234
Invalid HTTP_HOST header: 'temos.net'. You may need to add 'temos.net' to ALLOWED_HOSTS.
[02/Jun/2017 05:53:39] "GET /robots.txt HTTP/1.0" 400 61890
Invalid HTTP_HOST header: 'temos.net'. You may need to add 'temos.net' to ALLOWED_HOSTS.
[02/Jun/2017 05:53:40] "GET / HTTP/1.0" 400 61966
Invalid HTTP_HOST header: 'temos.online'. You may need to add 'temos.online' to ALLOWED_HOSTS.
[02/Jun/2017 05:59:44] "GET /robots.txt HTTP/1.0" 400 61786
Invalid HTTP_HOST header: 'temos.online'. You may need to add 'temos.online' to ALLOWED_HOSTS.
[02/Jun/2017 05:59:48] "GET /favicon.ico HTTP/1.0" 400 62059
[02/Jun/2017 06:18:07] "GET / HTTP/1.0" 302 0
Invalid HTTP_HOST header: 'vps0583.publiccloud.com.br'. You may need to add 'vps0583.publiccloud.com.br' to ALLOWED_HOSTS.
[02/Jun/2017 06:18:44] "HEAD / HTTP/1.0" 400 61787
Invalid HTTP_HOST header: 'vps0583.publiccloud.com.br'. You may need to add 'vps0583.publiccloud.com.br' to ALLOWED_HOSTS.
[02/Jun/2017 06:18:45] "GET / HTTP/1.0" 400 61780
[02/Jun/2017 06:18:45] "GET / HTTP/1.0" 302 0
Invalid HTTP_HOST header: 'vps0583.publiccloud.com.br'. You may need to add 'vps0583.publiccloud.com.br' to ALLOWED_HOSTS.
[02/Jun/2017 06:18:46] "GET / HTTP/1.0" 400 61564
Invalid HTTP_HOST header: '191.252.101.53'. You may need to add '191.252.101.53' to ALLOWED_HOSTS.
[02/Jun/2017 07:13:11] "GET / HTTP/1.0" 400 61384
Invalid HTTP_HOST header: 'temos.net'. You may need to add 'temos.net' to ALLOWED_HOSTS.
[02/Jun/2017 09:42:07] "GET / HTTP/1.0" 400 62164
[02/Jun/2017 12:46:09] "GET / HTTP/1.0" 200 3638342
[02/Jun/2017 12:47:39] "GET / HTTP/1.0" 302 0
[02/Jun/2017 12:47:39] "GET /accounts/login/?next=/ HTTP/1.0" 200 5530
[02/Jun/2017 12:47:40] "GET /static/main/static/images/favicon-16x16.png HTTP/1.0" 304 0
[02/Jun/2017 12:47:40] "GET /static/main/static/images/favicon-96x96.png HTTP/1.0" 304 0
[02/Jun/2017 12:47:40] "GET /static/main/static/images/favicon-32x32.png HTTP/1.0" 304 0
[02/Jun/2017 12:47:40] "GET /static/main/static/images/android-icon-192x192.png HTTP/1.0" 304 0
[02/Jun/2017 12:47:42] "POST /accounts/login/?next=/ HTTP/1.0" 302 0
[02/Jun/2017 12:47:42] "GET / HTTP/1.0" 200 3638342
[02/Jun/2017 13:40:17] "GET / HTTP/1.0" 200 3638342
[02/Jun/2017 13:40:31] "GET / HTTP/1.0" 200 3638342
[02/Jun/2017 13:40:34] "GET /static/main/static/images/apple-icon-180x180.png HTTP/1.0" 304 0
[02/Jun/2017 13:59:46] "GET / HTTP/1.0" 200 3638342
[02/Jun/2017 14:08:43] "GET / HTTP/1.0" 200 3638342
[02/Jun/2017 14:08:50] "GET /static/main/static/images/favicon-16x16.png HTTP/1.0" 200 1330
[02/Jun/2017 14:08:50] "GET /static/main/static/images/favicon-96x96.png HTTP/1.0" 200 8121
[02/Jun/2017 14:09:10] "GET /admin HTTP/1.0" 301 0
[02/Jun/2017 14:09:10] "GET /admin/ HTTP/1.0" 200 12440
[02/Jun/2017 14:09:11] "GET /static/admin/css/dashboard.css HTTP/1.0" 200 434
[02/Jun/2017 14:09:11] "GET /static/admin/css/base.css HTTP/1.0" 200 15937
[02/Jun/2017 14:09:11] "GET /static/admin/css/fonts.css HTTP/1.0" 200 423
[02/Jun/2017 14:09:11] "GET /static/admin/img/icon-addlink.svg HTTP/1.0" 200 331
[02/Jun/2017 14:09:11] "GET /static/admin/fonts/Roboto-Regular-webfont.woff HTTP/1.0" 200 80304
[02/Jun/2017 14:09:11] "GET /static/admin/img/icon-changelink.svg HTTP/1.0" 200 380
[02/Jun/2017 14:09:11] "GET /static/admin/fonts/Roboto-Bold-webfont.woff HTTP/1.0" 200 82564
[02/Jun/2017 14:09:11] "GET /static/admin/fonts/Roboto-Light-webfont.woff HTTP/1.0" 200 81348
Not Found: /favicon.ico
[02/Jun/2017 14:09:11] "GET /favicon.ico HTTP/1.0" 404 2973
[02/Jun/2017 14:09:15] "GET /admin/abastece/cronograma/ HTTP/1.0" 200 71068
[02/Jun/2017 14:09:15] "GET /static/admin/css/changelists.css HTTP/1.0" 200 6117
[02/Jun/2017 14:09:15] "GET /static/admin/js/jquery.init.js HTTP/1.0" 200 363
[02/Jun/2017 14:09:15] "GET /static/admin/js/core.js HTTP/1.0" 200 7976
[02/Jun/2017 14:09:15] "GET /static/admin/js/vendor/jquery/jquery.js HTTP/1.0" 200 258648
[02/Jun/2017 14:09:15] "GET /static/admin/js/admin/RelatedObjectLookups.js HTTP/1.0" 200 6577
[02/Jun/2017 14:09:15] "GET /admin/jsi18n/ HTTP/1.0" 200 7241
[02/Jun/2017 14:09:15] "GET /static/admin/js/urlify.js HTTP/1.0" 200 8186
[02/Jun/2017 14:09:15] "GET /static/admin/js/actions.js HTTP/1.0" 200 6501
[02/Jun/2017 14:09:15] "GET /static/admin/js/prepopulate.js HTTP/1.0" 200 1538
[02/Jun/2017 14:09:15] "GET /static/admin/js/vendor/xregexp/xregexp.js HTTP/1.0" 200 128820
[02/Jun/2017 14:09:16] "GET /static/admin/img/search.svg HTTP/1.0" 200 458
[02/Jun/2017 14:09:16] "GET /static/admin/img/tooltag-add.svg HTTP/1.0" 200 331
[02/Jun/2017 14:09:16] "GET /static/admin/img/sorting-icons.svg HTTP/1.0" 200 1097
[02/Jun/2017 14:09:19] "GET /admin/ HTTP/1.0" 200 12440
[02/Jun/2017 14:09:23] "GET /admin/abastece/linhabase/ HTTP/1.0" 200 70838
[02/Jun/2017 14:09:23] "GET /admin/jsi18n/ HTTP/1.0" 200 7241
[02/Jun/2017 14:09:27] "GET /admin/abastece/linhabase/?o=-1 HTTP/1.0" 200 73687
[02/Jun/2017 14:09:27] "GET /admin/jsi18n/ HTTP/1.0" 200 7241
[02/Jun/2017 14:12:46] "GET / HTTP/1.0" 200 3638342
[02/Jun/2017 14:13:18] "GET / HTTP/1.0" 200 3638342
[02/Jun/2017 14:15:05] "GET / HTTP/1.0" 200 3638342
[02/Jun/2017 14:15:05] "GET / HTTP/1.0" 200 3638342
[02/Jun/2017 14:15:12] "GET / HTTP/1.0" 200 3638342
[02/Jun/2017 14:15:16] "GET /static/main/static/images/favicon-16x16.png HTTP/1.0" 200 1330
[02/Jun/2017 14:15:16] "GET /static/main/static/images/favicon-32x32.png HTTP/1.0" 200 2467
[02/Jun/2017 14:15:16] "GET /static/main/static/images/android-icon-192x192.png HTTP/1.0" 200 19492
[02/Jun/2017 14:16:17] "GET / HTTP/1.0" 200 3638342
[02/Jun/2017 14:16:22] "GET /static/main/static/images/favicon-16x16.png HTTP/1.0" 200 1330
[02/Jun/2017 14:35:12] "GET / HTTP/1.0" 200 3638361
[02/Jun/2017 14:35:17] "GET /static/main/static/images/favicon-16x16.png HTTP/1.0" 200 1330
[02/Jun/2017 14:35:56] "GET / HTTP/1.0" 200 3638361
[02/Jun/2017 15:22:12] "GET / HTTP/1.0" 200 3638361
Invalid HTTP_HOST header: 'temos.net'. You may need to add 'temos.net' to ALLOWED_HOSTS.
[02/Jun/2017 15:42:43] "GET /robots.txt HTTP/1.0" 400 61737
Invalid HTTP_HOST header: 'temos.net'. You may need to add 'temos.net' to ALLOWED_HOSTS.
[02/Jun/2017 15:42:47] "GET / HTTP/1.0" 400 62063
Invalid HTTP_HOST header: '191.252.101.53'. You may need to add '191.252.101.53' to ALLOWED_HOSTS.
[02/Jun/2017 16:33:09] "GET //a2billing/common/javascript/misc.js HTTP/1.0" 400 62234
[02/Jun/2017 18:30:11] "GET / HTTP/1.0" 200 3638361
Invalid HTTP_HOST header: '191.252.101.53'. You may need to add '191.252.101.53' to ALLOWED_HOSTS.
[02/Jun/2017 18:33:10] "GET /current_config/Account1 HTTP/1.0" 400 15110
[02/Jun/2017 20:27:55] "GET / HTTP/1.0" 302 0
[02/Jun/2017 20:27:56] "GET /accounts/login/?next=/ HTTP/1.0" 200 5530
Invalid HTTP_HOST header: 'temos.net'. You may need to add 'temos.net' to ALLOWED_HOSTS.
[02/Jun/2017 21:05:51] "GET /robots.txt HTTP/1.0" 400 62131
Invalid HTTP_HOST header: 'temos.net'. You may need to add 'temos.net' to ALLOWED_HOSTS.
[02/Jun/2017 21:05:52] "GET /robots.txt HTTP/1.0" 400 62131
Invalid HTTP_HOST header: 'temos.net'. You may need to add 'temos.net' to ALLOWED_HOSTS.
[02/Jun/2017 21:05:56] "GET / HTTP/1.0" 400 62164
Invalid HTTP_HOST header: 'temos.online'. You may need to add 'temos.online' to ALLOWED_HOSTS.
[02/Jun/2017 22:29:33] "GET /robots.txt HTTP/1.0" 400 61786
Invalid HTTP_HOST header: 'temos.online'. You may need to add 'temos.online' to ALLOWED_HOSTS.
[02/Jun/2017 22:29:37] "GET /favicon.ico HTTP/1.0" 400 62059
Invalid HTTP_HOST header: 'temos.online'. You may need to add 'temos.online' to ALLOWED_HOSTS.
[03/Jun/2017 03:33:17] "GET /robots.txt HTTP/1.0" 400 62178
Invalid HTTP_HOST header: 'temos.online'. You may need to add 'temos.online' to ALLOWED_HOSTS.
[03/Jun/2017 03:33:18] "GET /robots.txt HTTP/1.0" 400 62178
Invalid HTTP_HOST header: 'temos.online'. You may need to add 'temos.online' to ALLOWED_HOSTS.
[03/Jun/2017 03:33:28] "GET / HTTP/1.0" 400 62359
Invalid HTTP_HOST header: '191.252.101.53'. You may need to add '191.252.101.53' to ALLOWED_HOSTS.
[03/Jun/2017 06:45:36] "GET / HTTP/1.0" 400 61376
[03/Jun/2017 07:49:08] "GET /accounts/logout/ HTTP/1.0" 302 0
[03/Jun/2017 07:49:09] "GET / HTTP/1.0" 302 0
[03/Jun/2017 07:49:11] "GET /accounts/login/?next=/ HTTP/1.0" 200 5530
Invalid HTTP_HOST header: '191.252.101.53'. You may need to add '191.252.101.53' to ALLOWED_HOSTS.
[03/Jun/2017 08:21:15] "GET / HTTP/1.0" 400 61656
Invalid HTTP_HOST header: 'temos.net'. You may need to add 'temos.net' to ALLOWED_HOSTS.
[03/Jun/2017 11:21:25] "GET / HTTP/1.0" 400 62162
Invalid HTTP_HOST header: 'temos.net'. You may need to add 'temos.net' to ALLOWED_HOSTS.
[03/Jun/2017 14:13:44] "GET /robots.txt HTTP/1.0" 400 61741
Invalid HTTP_HOST header: 'temos.net'. You may need to add 'temos.net' to ALLOWED_HOSTS.
[03/Jun/2017 14:13:48] "GET / HTTP/1.0" 400 62063
Invalid HTTP_HOST header: 'temos.net'. You may need to add 'temos.net' to ALLOWED_HOSTS.
[03/Jun/2017 16:04:52] "GET / HTTP/1.0" 400 62312
Invalid HTTP_HOST header: '191.252.101.53'. You may need to add '191.252.101.53' to ALLOWED_HOSTS.
[03/Jun/2017 18:40:49] "GET / HTTP/1.0" 400 61633
Not Found: /robots.txt
[03/Jun/2017 19:07:06] "GET /robots.txt HTTP/1.0" 404 2970
[03/Jun/2017 19:07:09] "GET / HTTP/1.0" 302 0
[03/Jun/2017 19:07:14] "GET /accounts/login/?next=/ HTTP/1.0" 200 5530
Not Found: /robots.txt
[03/Jun/2017 19:07:16] "GET /robots.txt HTTP/1.0" 404 2970
Not Found: /robots.txt
[03/Jun/2017 19:07:23] "GET /robots.txt HTTP/1.0" 404 2970
Invalid HTTP_HOST header: '191.252.101.53'. You may need to add '191.252.101.53' to ALLOWED_HOSTS.
[03/Jun/2017 21:06:05] "GET / HTTP/1.0" 400 61763
Invalid HTTP_HOST header: 'temos.net'. You may need to add 'temos.net' to ALLOWED_HOSTS.
[03/Jun/2017 22:39:44] "GET / HTTP/1.0" 400 62162
Invalid HTTP_HOST header: '191.252.101.53'. You may need to add '191.252.101.53' to ALLOWED_HOSTS.
[03/Jun/2017 22:46:09] "GET / HTTP/1.0" 400 62108
Not Found: /robots.txt
[04/Jun/2017 04:40:03] "GET /robots.txt HTTP/1.0" 404 2967
Invalid HTTP_HOST header: '191.252.101.53'. You may need to add '191.252.101.53' to ALLOWED_HOSTS.
[04/Jun/2017 06:11:11] "GET / HTTP/1.0" 400 61384
Invalid HTTP_HOST header: '191.252.101.53'. You may need to add '191.252.101.53' to ALLOWED_HOSTS.
[04/Jun/2017 07:30:39] "GET / HTTP/1.0" 400 61763
Invalid HTTP_HOST header: '191.252.101.53'. You may need to add '191.252.101.53' to ALLOWED_HOSTS.
[04/Jun/2017 09:43:12] "GET / HTTP/1.0" 400 61633
Invalid HTTP_HOST header: '191.252.101.53'. You may need to add '191.252.101.53' to ALLOWED_HOSTS.
[04/Jun/2017 10:23:33] "GET /a2billing/admin/Public/index.php HTTP/1.0" 400 62140
Invalid HTTP_HOST header: '191.252.101.53'. You may need to add '191.252.101.53' to ALLOWED_HOSTS.
[04/Jun/2017 10:25:13] "GET /current_config/Account1 HTTP/1.0" 400 15110
Invalid HTTP_HOST header: 'temos.net'. You may need to add 'temos.net' to ALLOWED_HOSTS.
[04/Jun/2017 12:53:04] "GET / HTTP/1.0" 400 62162
Invalid HTTP_HOST header: 'temos.net'. You may need to add 'temos.net' to ALLOWED_HOSTS.
[04/Jun/2017 13:38:35] "GET /robots.txt HTTP/1.0" 400 61743
Invalid HTTP_HOST header: 'temos.net'. You may need to add 'temos.net' to ALLOWED_HOSTS.
[04/Jun/2017 13:38:39] "GET / HTTP/1.0" 400 62065
Not Found: /robots.txt
[04/Jun/2017 15:13:55] "GET /robots.txt HTTP/1.0" 404 2970
Not Found: /robots.txt
[04/Jun/2017 15:13:56] "GET /robots.txt HTTP/1.0" 404 2970
[04/Jun/2017 15:14:09] "GET / HTTP/1.0" 302 0
[04/Jun/2017 15:14:11] "GET /accounts/login/?next=/ HTTP/1.0" 200 5530
Not Found: /robots.txt
[04/Jun/2017 16:58:13] "GET /robots.txt HTTP/1.0" 404 2967
[04/Jun/2017 16:58:16] "GET / HTTP/1.0" 302 0
[04/Jun/2017 16:58:21] "GET /accounts/login/?next=/ HTTP/1.0" 200 5530
Not Found: /robots.txt
[04/Jun/2017 20:30:23] "GET /robots.txt HTTP/1.0" 404 2970
[04/Jun/2017 20:30:28] "GET /main HTTP/1.0" 301 0
[04/Jun/2017 20:30:32] "GET /main/ HTTP/1.0" 302 0
[04/Jun/2017 20:30:35] "GET /accounts/login/?next=/main/ HTTP/1.0" 200 5530
Invalid HTTP_HOST header: 'temos.online'. You may need to add 'temos.online' to ALLOWED_HOSTS.
[05/Jun/2017 00:16:29] "GET / HTTP/1.0" 400 62519
Invalid HTTP_HOST header: 'temos.net'. You may need to add 'temos.net' to ALLOWED_HOSTS.
[05/Jun/2017 00:21:01] "GET /robots.txt HTTP/1.0" 400 62133
Invalid HTTP_HOST header: 'temos.net'. You may need to add 'temos.net' to ALLOWED_HOSTS.
[05/Jun/2017 00:21:02] "GET /robots.txt HTTP/1.0" 400 62133
Invalid HTTP_HOST header: 'temos.net'. You may need to add 'temos.net' to ALLOWED_HOSTS.
[05/Jun/2017 00:21:06] "GET / HTTP/1.0" 400 62162
Invalid HTTP_HOST header: 'temos.online'. You may need to add 'temos.online' to ALLOWED_HOSTS.
[05/Jun/2017 01:22:00] "GET / HTTP/1.0" 400 62359
Invalid HTTP_HOST header: 'temos.online'. You may need to add 'temos.online' to ALLOWED_HOSTS.
[05/Jun/2017 05:35:08] "GET /robots.txt HTTP/1.0" 400 61786
Invalid HTTP_HOST header: 'temos.online'. You may need to add 'temos.online' to ALLOWED_HOSTS.
[05/Jun/2017 05:35:12] "GET /manual HTTP/1.0" 400 62004
Invalid HTTP_HOST header: '191.252.101.53'. You may need to add '191.252.101.53' to ALLOWED_HOSTS.
[05/Jun/2017 05:57:25] "GET / HTTP/1.0" 400 61376
[05/Jun/2017 07:33:12] "GET / HTTP/1.0" 302 0
[05/Jun/2017 07:33:13] "GET /accounts/login/?next=/ HTTP/1.0" 200 5530
Not Found: /robots.txt
[05/Jun/2017 07:33:18] "GET /robots.txt HTTP/1.0" 404 2970
Invalid HTTP_HOST header: 'erp.temos.net'. You may need to add 'erp.temos.net' to ALLOWED_HOSTS.
[05/Jun/2017 09:03:08] "GET / HTTP/1.0" 400 62390
Invalid HTTP_HOST header: 'erp.temos.net'. You may need to add 'erp.temos.net' to ALLOWED_HOSTS.
[05/Jun/2017 09:03:09] "GET /favicon.ico HTTP/1.0" 400 62468
